
--- Job PHORUM_Trans_V2G_ht.gms Start 05/29/24 07:45:41 42.5.0 cf11b917 WEX-WEI x86 64bit/MS Windows
--- Applying:
    C:\GAMS\42\gmsprmNT.txt
    C:\Users\jiahuic\Documents\GAMS\gamsconfig.yaml
--- GAMS Parameters defined
    Input "C:\Users\jiahuic\Dropbox (University of Michigan)\V2G_PJM\Models_reserve3\PHORUM_Trans_V2G_ht.gms"
    PageSize 0
    ScrDir "C:\Users\jiahuic\Dropbox (University of Michigan)\V2G_PJM\Models_reserve3\225a\"
    SysDir C:\GAMS\42\
    LogOption 3
    ErrMsg 1
    ErrorLog 99
    IDE 1
    LstTitleLeftAligned 1
Licensee: MUD- 5 User License                            G220428|0002AO-GEN
          University of Michigan, School for Environment and SustDC15152-S1
          C:\Users\jiahuic\Documents\GAMS\gamslice.txt
          License Admin: Michael Craig, mtcraig@umich.edu                  
Processor information: 1 socket(s), 24 core(s), and 48 thread(s) available
GAMS 42.5.0   Copyright (C) 1987-2023 GAMS Development. All rights reserved
--- Starting compilation
--- PHORUM_Trans_V2G_ht.gms(4) 2 Mb
*** GDXIN failed C:\Users\jiahuic\Dropbox (University of Michigan)\V2G_PJM\Models_reserve3\LoadData.gdx
*** Msg: No such file or directory
--- PHORUM_Trans_V2G_ht.gms(4) 2 Mb 1 Error
*** Error 510 in C:\Users\jiahuic\Dropbox (University of Michigan)\V2G_PJM\Models_reserve3\PHORUM_Trans_V2G_ht.gms
    Unable to open gdx file for $GDXIN
--- PHORUM_Trans_V2G_ht.gms(28) 2 Mb 2 Errors
*** Error 502 in C:\Users\jiahuic\Dropbox (University of Michigan)\V2G_PJM\Models_reserve3\PHORUM_Trans_V2G_ht.gms
    GDXIN  file not open - ignore rest of line
--- PHORUM_Trans_V2G_ht.gms(32) 2 Mb
*** GDXIN failed C:\Users\jiahuic\Dropbox (University of Michigan)\V2G_PJM\Models_reserve3\VehData.gdx
*** Msg: No such file or directory
--- PHORUM_Trans_V2G_ht.gms(32) 2 Mb 3 Errors
*** Error 510 in C:\Users\jiahuic\Dropbox (University of Michigan)\V2G_PJM\Models_reserve3\PHORUM_Trans_V2G_ht.gms
    Unable to open gdx file for $GDXIN
--- PHORUM_Trans_V2G_ht.gms(43) 2 Mb 4 Errors
*** Error 502 in C:\Users\jiahuic\Dropbox (University of Michigan)\V2G_PJM\Models_reserve3\PHORUM_Trans_V2G_ht.gms
    GDXIN  file not open - ignore rest of line
--- PHORUM_Trans_V2G_ht.gms(49) 3 Mb 6 Errors
*** Error 361 in C:\Users\jiahuic\Dropbox (University of Michigan)\V2G_PJM\Models_reserve3\PHORUM_Trans_V2G_ht.gms
    Values for domain 1 are unknown - no checking possible
*** Error 362 in C:\Users\jiahuic\Dropbox (University of Michigan)\V2G_PJM\Models_reserve3\PHORUM_Trans_V2G_ht.gms
    Values for domain 2 are unknown - no checking possible
--- PHORUM_Trans_V2G_ht.gms(53) 3 Mb
*** GDXIN failed C:\Users\jiahuic\Dropbox (University of Michigan)\V2G_PJM\Models_reserve3\GenData.gdx
*** Msg: No such file or directory
--- PHORUM_Trans_V2G_ht.gms(53) 3 Mb 7 Errors
*** Error 510 in C:\Users\jiahuic\Dropbox (University of Michigan)\V2G_PJM\Models_reserve3\PHORUM_Trans_V2G_ht.gms
    Unable to open gdx file for $GDXIN
--- PHORUM_Trans_V2G_ht.gms(76) 3 Mb 8 Errors
*** Error 502 in C:\Users\jiahuic\Dropbox (University of Michigan)\V2G_PJM\Models_reserve3\PHORUM_Trans_V2G_ht.gms
    GDXIN  file not open - ignore rest of line
--- PHORUM_Trans_V2G_ht.gms(80) 3 Mb
*** GDXIN failed C:\Users\jiahuic\Dropbox (University of Michigan)\V2G_PJM\Models_reserve3\StorageData.gdx
*** Msg: No such file or directory
--- PHORUM_Trans_V2G_ht.gms(80) 3 Mb 9 Errors
*** Error 510 in C:\Users\jiahuic\Dropbox (University of Michigan)\V2G_PJM\Models_reserve3\PHORUM_Trans_V2G_ht.gms
    Unable to open gdx file for $GDXIN
--- PHORUM_Trans_V2G_ht.gms(93) 3 Mb 10 Errors
*** Error 502 in C:\Users\jiahuic\Dropbox (University of Michigan)\V2G_PJM\Models_reserve3\PHORUM_Trans_V2G_ht.gms
    GDXIN  file not open - ignore rest of line
--- PHORUM_Trans_V2G_ht.gms(96) 3 Mb 12 Errors
*** Error 352 in C:\Users\jiahuic\Dropbox (University of Michigan)\V2G_PJM\Models_reserve3\PHORUM_Trans_V2G_ht.gms
    Set has not been initialized
*** Error 141 in C:\Users\jiahuic\Dropbox (University of Michigan)\V2G_PJM\Models_reserve3\PHORUM_Trans_V2G_ht.gms
    Symbol declared but no values have been assigned. Check for missing
       data definition, assignment, data loading or implicit assignment
       via a solve statement.
       A wild shot: You may have spurious commas in the explanatory
       text of a declaration. Check symbol reference list.
--- PHORUM_Trans_V2G_ht.gms(161) 3 Mb 15 Errors
*** Error 352 in C:\Users\jiahuic\Dropbox (University of Michigan)\V2G_PJM\Models_reserve3\PHORUM_Trans_V2G_ht.gms
    Set has not been initialized
*** Error 141 in C:\Users\jiahuic\Dropbox (University of Michigan)\V2G_PJM\Models_reserve3\PHORUM_Trans_V2G_ht.gms
    Symbol declared but no values have been assigned. Check for missing
       data definition, assignment, data loading or implicit assignment
       via a solve statement.
       A wild shot: You may have spurious commas in the explanatory
       text of a declaration. Check symbol reference list.
*** Error 352 in C:\Users\jiahuic\Dropbox (University of Michigan)\V2G_PJM\Models_reserve3\PHORUM_Trans_V2G_ht.gms
    Set has not been initialized
--- PHORUM_Trans_V2G_ht.gms(162) 3 Mb 18 Errors
*** Error 352 in C:\Users\jiahuic\Dropbox (University of Michigan)\V2G_PJM\Models_reserve3\PHORUM_Trans_V2G_ht.gms
    Set has not been initialized
*** Error 141 in C:\Users\jiahuic\Dropbox (University of Michigan)\V2G_PJM\Models_reserve3\PHORUM_Trans_V2G_ht.gms
    Symbol declared but no values have been assigned. Check for missing
       data definition, assignment, data loading or implicit assignment
       via a solve statement.
       A wild shot: You may have spurious commas in the explanatory
       text of a declaration. Check symbol reference list.
*** Error 352 in C:\Users\jiahuic\Dropbox (University of Michigan)\V2G_PJM\Models_reserve3\PHORUM_Trans_V2G_ht.gms
    Set has not been initialized
--- PHORUM_Trans_V2G_ht.gms(163) 3 Mb 21 Errors
*** Error 352 in C:\Users\jiahuic\Dropbox (University of Michigan)\V2G_PJM\Models_reserve3\PHORUM_Trans_V2G_ht.gms
    Set has not been initialized
*** Error 141 in C:\Users\jiahuic\Dropbox (University of Michigan)\V2G_PJM\Models_reserve3\PHORUM_Trans_V2G_ht.gms
    Symbol declared but no values have been assigned. Check for missing
       data definition, assignment, data loading or implicit assignment
       via a solve statement.
       A wild shot: You may have spurious commas in the explanatory
       text of a declaration. Check symbol reference list.
*** Error 352 in C:\Users\jiahuic\Dropbox (University of Michigan)\V2G_PJM\Models_reserve3\PHORUM_Trans_V2G_ht.gms
    Set has not been initialized
--- PHORUM_Trans_V2G_ht.gms(164) 3 Mb 24 Errors
*** Error 352 in C:\Users\jiahuic\Dropbox (University of Michigan)\V2G_PJM\Models_reserve3\PHORUM_Trans_V2G_ht.gms
    Set has not been initialized
*** Error 141 in C:\Users\jiahuic\Dropbox (University of Michigan)\V2G_PJM\Models_reserve3\PHORUM_Trans_V2G_ht.gms
    Symbol declared but no values have been assigned. Check for missing
       data definition, assignment, data loading or implicit assignment
       via a solve statement.
       A wild shot: You may have spurious commas in the explanatory
       text of a declaration. Check symbol reference list.
*** Error 352 in C:\Users\jiahuic\Dropbox (University of Michigan)\V2G_PJM\Models_reserve3\PHORUM_Trans_V2G_ht.gms
    Set has not been initialized
--- PHORUM_Trans_V2G_ht.gms(165) 3 Mb 27 Errors
*** Error 352 in C:\Users\jiahuic\Dropbox (University of Michigan)\V2G_PJM\Models_reserve3\PHORUM_Trans_V2G_ht.gms
    Set has not been initialized
*** Error 141 in C:\Users\jiahuic\Dropbox (University of Michigan)\V2G_PJM\Models_reserve3\PHORUM_Trans_V2G_ht.gms
    Symbol declared but no values have been assigned. Check for missing
       data definition, assignment, data loading or implicit assignment
       via a solve statement.
       A wild shot: You may have spurious commas in the explanatory
       text of a declaration. Check symbol reference list.
*** Error 352 in C:\Users\jiahuic\Dropbox (University of Michigan)\V2G_PJM\Models_reserve3\PHORUM_Trans_V2G_ht.gms
    Set has not been initialized
--- PHORUM_Trans_V2G_ht.gms(166) 3 Mb 29 Errors
*** Error 352 in C:\Users\jiahuic\Dropbox (University of Michigan)\V2G_PJM\Models_reserve3\PHORUM_Trans_V2G_ht.gms
    Set has not been initialized
*** Error 352 in C:\Users\jiahuic\Dropbox (University of Michigan)\V2G_PJM\Models_reserve3\PHORUM_Trans_V2G_ht.gms
    Set has not been initialized
--- PHORUM_Trans_V2G_ht.gms(167) 3 Mb 30 Errors
*** Error 352 in C:\Users\jiahuic\Dropbox (University of Michigan)\V2G_PJM\Models_reserve3\PHORUM_Trans_V2G_ht.gms
    Set has not been initialized
--- PHORUM_Trans_V2G_ht.gms(168) 3 Mb 32 Errors
*** Error 352 in C:\Users\jiahuic\Dropbox (University of Michigan)\V2G_PJM\Models_reserve3\PHORUM_Trans_V2G_ht.gms
    Set has not been initialized
*** Error 352 in C:\Users\jiahuic\Dropbox (University of Michigan)\V2G_PJM\Models_reserve3\PHORUM_Trans_V2G_ht.gms
    Set has not been initialized
--- PHORUM_Trans_V2G_ht.gms(169) 3 Mb 33 Errors
*** Error 352 in C:\Users\jiahuic\Dropbox (University of Michigan)\V2G_PJM\Models_reserve3\PHORUM_Trans_V2G_ht.gms
    Set has not been initialized
--- PHORUM_Trans_V2G_ht.gms(170) 3 Mb 35 Errors
*** Error 352 in C:\Users\jiahuic\Dropbox (University of Michigan)\V2G_PJM\Models_reserve3\PHORUM_Trans_V2G_ht.gms
    Set has not been initialized
*** Error 352 in C:\Users\jiahuic\Dropbox (University of Michigan)\V2G_PJM\Models_reserve3\PHORUM_Trans_V2G_ht.gms
    Set has not been initialized
--- PHORUM_Trans_V2G_ht.gms(172) 3 Mb 38 Errors
*** Error 352 in C:\Users\jiahuic\Dropbox (University of Michigan)\V2G_PJM\Models_reserve3\PHORUM_Trans_V2G_ht.gms
    Set has not been initialized
*** Error 141 in C:\Users\jiahuic\Dropbox (University of Michigan)\V2G_PJM\Models_reserve3\PHORUM_Trans_V2G_ht.gms
    Symbol declared but no values have been assigned. Check for missing
       data definition, assignment, data loading or implicit assignment
       via a solve statement.
       A wild shot: You may have spurious commas in the explanatory
       text of a declaration. Check symbol reference list.
*** Error 352 in C:\Users\jiahuic\Dropbox (University of Michigan)\V2G_PJM\Models_reserve3\PHORUM_Trans_V2G_ht.gms
    Set has not been initialized
--- PHORUM_Trans_V2G_ht.gms(173) 3 Mb 41 Errors
*** Error 352 in C:\Users\jiahuic\Dropbox (University of Michigan)\V2G_PJM\Models_reserve3\PHORUM_Trans_V2G_ht.gms
    Set has not been initialized
*** Error 141 in C:\Users\jiahuic\Dropbox (University of Michigan)\V2G_PJM\Models_reserve3\PHORUM_Trans_V2G_ht.gms
    Symbol declared but no values have been assigned. Check for missing
       data definition, assignment, data loading or implicit assignment
       via a solve statement.
       A wild shot: You may have spurious commas in the explanatory
       text of a declaration. Check symbol reference list.
*** Error 352 in C:\Users\jiahuic\Dropbox (University of Michigan)\V2G_PJM\Models_reserve3\PHORUM_Trans_V2G_ht.gms
    Set has not been initialized
--- PHORUM_Trans_V2G_ht.gms(174) 3 Mb 44 Errors
*** Error 352 in C:\Users\jiahuic\Dropbox (University of Michigan)\V2G_PJM\Models_reserve3\PHORUM_Trans_V2G_ht.gms
    Set has not been initialized
*** Error 141 in C:\Users\jiahuic\Dropbox (University of Michigan)\V2G_PJM\Models_reserve3\PHORUM_Trans_V2G_ht.gms
    Symbol declared but no values have been assigned. Check for missing
       data definition, assignment, data loading or implicit assignment
       via a solve statement.
       A wild shot: You may have spurious commas in the explanatory
       text of a declaration. Check symbol reference list.
*** Error 352 in C:\Users\jiahuic\Dropbox (University of Michigan)\V2G_PJM\Models_reserve3\PHORUM_Trans_V2G_ht.gms
    Set has not been initialized
--- PHORUM_Trans_V2G_ht.gms(175) 3 Mb 47 Errors
*** Error 352 in C:\Users\jiahuic\Dropbox (University of Michigan)\V2G_PJM\Models_reserve3\PHORUM_Trans_V2G_ht.gms
    Set has not been initialized
*** Error 141 in C:\Users\jiahuic\Dropbox (University of Michigan)\V2G_PJM\Models_reserve3\PHORUM_Trans_V2G_ht.gms
    Symbol declared but no values have been assigned. Check for missing
       data definition, assignment, data loading or implicit assignment
       via a solve statement.
       A wild shot: You may have spurious commas in the explanatory
       text of a declaration. Check symbol reference list.
*** Error 352 in C:\Users\jiahuic\Dropbox (University of Michigan)\V2G_PJM\Models_reserve3\PHORUM_Trans_V2G_ht.gms
    Set has not been initialized
--- PHORUM_Trans_V2G_ht.gms(176) 3 Mb 50 Errors
*** Error 352 in C:\Users\jiahuic\Dropbox (University of Michigan)\V2G_PJM\Models_reserve3\PHORUM_Trans_V2G_ht.gms
    Set has not been initialized
*** Error 141 in C:\Users\jiahuic\Dropbox (University of Michigan)\V2G_PJM\Models_reserve3\PHORUM_Trans_V2G_ht.gms
    Symbol declared but no values have been assigned. Check for missing
       data definition, assignment, data loading or implicit assignment
       via a solve statement.
       A wild shot: You may have spurious commas in the explanatory
       text of a declaration. Check symbol reference list.
*** Error 352 in C:\Users\jiahuic\Dropbox (University of Michigan)\V2G_PJM\Models_reserve3\PHORUM_Trans_V2G_ht.gms
    Set has not been initialized
--- PHORUM_Trans_V2G_ht.gms(177) 3 Mb 52 Errors
*** Error 352 in C:\Users\jiahuic\Dropbox (University of Michigan)\V2G_PJM\Models_reserve3\PHORUM_Trans_V2G_ht.gms
    Set has not been initialized
*** Error 352 in C:\Users\jiahuic\Dropbox (University of Michigan)\V2G_PJM\Models_reserve3\PHORUM_Trans_V2G_ht.gms
    Set has not been initialized
--- PHORUM_Trans_V2G_ht.gms(178) 3 Mb 53 Errors
*** Error 352 in C:\Users\jiahuic\Dropbox (University of Michigan)\V2G_PJM\Models_reserve3\PHORUM_Trans_V2G_ht.gms
    Set has not been initialized
--- PHORUM_Trans_V2G_ht.gms(179) 3 Mb 55 Errors
*** Error 352 in C:\Users\jiahuic\Dropbox (University of Michigan)\V2G_PJM\Models_reserve3\PHORUM_Trans_V2G_ht.gms
    Set has not been initialized
*** Error 352 in C:\Users\jiahuic\Dropbox (University of Michigan)\V2G_PJM\Models_reserve3\PHORUM_Trans_V2G_ht.gms
    Set has not been initialized
--- PHORUM_Trans_V2G_ht.gms(180) 3 Mb 56 Errors
*** Error 352 in C:\Users\jiahuic\Dropbox (University of Michigan)\V2G_PJM\Models_reserve3\PHORUM_Trans_V2G_ht.gms
    Set has not been initialized
--- PHORUM_Trans_V2G_ht.gms(181) 3 Mb 58 Errors
*** Error 352 in C:\Users\jiahuic\Dropbox (University of Michigan)\V2G_PJM\Models_reserve3\PHORUM_Trans_V2G_ht.gms
    Set has not been initialized
*** Error 352 in C:\Users\jiahuic\Dropbox (University of Michigan)\V2G_PJM\Models_reserve3\PHORUM_Trans_V2G_ht.gms
    Set has not been initialized
--- PHORUM_Trans_V2G_ht.gms(183) 3 Mb 60 Errors
*** Error 352 in C:\Users\jiahuic\Dropbox (University of Michigan)\V2G_PJM\Models_reserve3\PHORUM_Trans_V2G_ht.gms
    Set has not been initialized
*** Error 352 in C:\Users\jiahuic\Dropbox (University of Michigan)\V2G_PJM\Models_reserve3\PHORUM_Trans_V2G_ht.gms
    Set has not been initialized
--- PHORUM_Trans_V2G_ht.gms(184) 3 Mb 64 Errors
*** Error 352 in C:\Users\jiahuic\Dropbox (University of Michigan)\V2G_PJM\Models_reserve3\PHORUM_Trans_V2G_ht.gms
    Set has not been initialized
*** Error 352 in C:\Users\jiahuic\Dropbox (University of Michigan)\V2G_PJM\Models_reserve3\PHORUM_Trans_V2G_ht.gms
    Set has not been initialized
*** Error 141 in C:\Users\jiahuic\Dropbox (University of Michigan)\V2G_PJM\Models_reserve3\PHORUM_Trans_V2G_ht.gms
    Symbol declared but no values have been assigned. Check for missing
       data definition, assignment, data loading or implicit assignment
       via a solve statement.
       A wild shot: You may have spurious commas in the explanatory
       text of a declaration. Check symbol reference list.
*** Error 352 in C:\Users\jiahuic\Dropbox (University of Michigan)\V2G_PJM\Models_reserve3\PHORUM_Trans_V2G_ht.gms
    Set has not been initialized
--- PHORUM_Trans_V2G_ht.gms(185) 3 Mb 66 Errors
*** Error 352 in C:\Users\jiahuic\Dropbox (University of Michigan)\V2G_PJM\Models_reserve3\PHORUM_Trans_V2G_ht.gms
    Set has not been initialized
*** Error 352 in C:\Users\jiahuic\Dropbox (University of Michigan)\V2G_PJM\Models_reserve3\PHORUM_Trans_V2G_ht.gms
    Set has not been initialized
--- PHORUM_Trans_V2G_ht.gms(186) 3 Mb 69 Errors
*** Error 352 in C:\Users\jiahuic\Dropbox (University of Michigan)\V2G_PJM\Models_reserve3\PHORUM_Trans_V2G_ht.gms
    Set has not been initialized
*** Error 352 in C:\Users\jiahuic\Dropbox (University of Michigan)\V2G_PJM\Models_reserve3\PHORUM_Trans_V2G_ht.gms
    Set has not been initialized
*** Error 352 in C:\Users\jiahuic\Dropbox (University of Michigan)\V2G_PJM\Models_reserve3\PHORUM_Trans_V2G_ht.gms
    Set has not been initialized
--- PHORUM_Trans_V2G_ht.gms(187) 3 Mb 73 Errors
*** Error 352 in C:\Users\jiahuic\Dropbox (University of Michigan)\V2G_PJM\Models_reserve3\PHORUM_Trans_V2G_ht.gms
    Set has not been initialized
*** Error 352 in C:\Users\jiahuic\Dropbox (University of Michigan)\V2G_PJM\Models_reserve3\PHORUM_Trans_V2G_ht.gms
    Set has not been initialized
*** Error 141 in C:\Users\jiahuic\Dropbox (University of Michigan)\V2G_PJM\Models_reserve3\PHORUM_Trans_V2G_ht.gms
    Symbol declared but no values have been assigned. Check for missing
       data definition, assignment, data loading or implicit assignment
       via a solve statement.
       A wild shot: You may have spurious commas in the explanatory
       text of a declaration. Check symbol reference list.
*** Error 352 in C:\Users\jiahuic\Dropbox (University of Michigan)\V2G_PJM\Models_reserve3\PHORUM_Trans_V2G_ht.gms
    Set has not been initialized
--- PHORUM_Trans_V2G_ht.gms(188) 3 Mb 76 Errors
*** Error 352 in C:\Users\jiahuic\Dropbox (University of Michigan)\V2G_PJM\Models_reserve3\PHORUM_Trans_V2G_ht.gms
    Set has not been initialized
*** Error 352 in C:\Users\jiahuic\Dropbox (University of Michigan)\V2G_PJM\Models_reserve3\PHORUM_Trans_V2G_ht.gms
    Set has not been initialized
*** Error 352 in C:\Users\jiahuic\Dropbox (University of Michigan)\V2G_PJM\Models_reserve3\PHORUM_Trans_V2G_ht.gms
    Set has not been initialized
--- PHORUM_Trans_V2G_ht.gms(190) 3 Mb 88 Errors
*** Error 352 in C:\Users\jiahuic\Dropbox (University of Michigan)\V2G_PJM\Models_reserve3\PHORUM_Trans_V2G_ht.gms
    Set has not been initialized
*** Error 352 in C:\Users\jiahuic\Dropbox (University of Michigan)\V2G_PJM\Models_reserve3\PHORUM_Trans_V2G_ht.gms
    Set has not been initialized
*** Error 352 in C:\Users\jiahuic\Dropbox (University of Michigan)\V2G_PJM\Models_reserve3\PHORUM_Trans_V2G_ht.gms
    Set has not been initialized
*** Error 141 in C:\Users\jiahuic\Dropbox (University of Michigan)\V2G_PJM\Models_reserve3\PHORUM_Trans_V2G_ht.gms
    Symbol declared but no values have been assigned. Check for missing
       data definition, assignment, data loading or implicit assignment
       via a solve statement.
       A wild shot: You may have spurious commas in the explanatory
       text of a declaration. Check symbol reference list.
*** Error 352 in C:\Users\jiahuic\Dropbox (University of Michigan)\V2G_PJM\Models_reserve3\PHORUM_Trans_V2G_ht.gms
    Set has not been initialized
*** Error 352 in C:\Users\jiahuic\Dropbox (University of Michigan)\V2G_PJM\Models_reserve3\PHORUM_Trans_V2G_ht.gms
    Set has not been initialized
*** Error 141 in C:\Users\jiahuic\Dropbox (University of Michigan)\V2G_PJM\Models_reserve3\PHORUM_Trans_V2G_ht.gms
    Symbol declared but no values have been assigned. Check for missing
       data definition, assignment, data loading or implicit assignment
       via a solve statement.
       A wild shot: You may have spurious commas in the explanatory
       text of a declaration. Check symbol reference list.
*** Error 352 in C:\Users\jiahuic\Dropbox (University of Michigan)\V2G_PJM\Models_reserve3\PHORUM_Trans_V2G_ht.gms
    Set has not been initialized
*** Error 141 in C:\Users\jiahuic\Dropbox (University of Michigan)\V2G_PJM\Models_reserve3\PHORUM_Trans_V2G_ht.gms
    Symbol declared but no values have been assigned. Check for missing
       data definition, assignment, data loading or implicit assignment
       via a solve statement.
       A wild shot: You may have spurious commas in the explanatory
       text of a declaration. Check symbol reference list.
*** Error 300 in C:\Users\jiahuic\Dropbox (University of Michigan)\V2G_PJM\Models_reserve3\PHORUM_Trans_V2G_ht.gms
    Remaining errors not printed for this line
--- PHORUM_Trans_V2G_ht.gms(191) 3 Mb 96 Errors
*** Error 352 in C:\Users\jiahuic\Dropbox (University of Michigan)\V2G_PJM\Models_reserve3\PHORUM_Trans_V2G_ht.gms
    Set has not been initialized
*** Error 352 in C:\Users\jiahuic\Dropbox (University of Michigan)\V2G_PJM\Models_reserve3\PHORUM_Trans_V2G_ht.gms
    Set has not been initialized
*** Error 352 in C:\Users\jiahuic\Dropbox (University of Michigan)\V2G_PJM\Models_reserve3\PHORUM_Trans_V2G_ht.gms
    Set has not been initialized
*** Error 352 in C:\Users\jiahuic\Dropbox (University of Michigan)\V2G_PJM\Models_reserve3\PHORUM_Trans_V2G_ht.gms
    Set has not been initialized
*** Error 352 in C:\Users\jiahuic\Dropbox (University of Michigan)\V2G_PJM\Models_reserve3\PHORUM_Trans_V2G_ht.gms
    Set has not been initialized
*** Error 352 in C:\Users\jiahuic\Dropbox (University of Michigan)\V2G_PJM\Models_reserve3\PHORUM_Trans_V2G_ht.gms
    Set has not been initialized
*** Error 352 in C:\Users\jiahuic\Dropbox (University of Michigan)\V2G_PJM\Models_reserve3\PHORUM_Trans_V2G_ht.gms
    Set has not been initialized
*** Error 352 in C:\Users\jiahuic\Dropbox (University of Michigan)\V2G_PJM\Models_reserve3\PHORUM_Trans_V2G_ht.gms
    Set has not been initialized
--- PHORUM_Trans_V2G_ht.gms(192) 3 Mb 103 Errors
*** Error 352 in C:\Users\jiahuic\Dropbox (University of Michigan)\V2G_PJM\Models_reserve3\PHORUM_Trans_V2G_ht.gms
    Set has not been initialized
*** Error 352 in C:\Users\jiahuic\Dropbox (University of Michigan)\V2G_PJM\Models_reserve3\PHORUM_Trans_V2G_ht.gms
    Set has not been initialized
*** Error 352 in C:\Users\jiahuic\Dropbox (University of Michigan)\V2G_PJM\Models_reserve3\PHORUM_Trans_V2G_ht.gms
    Set has not been initialized
*** Error 352 in C:\Users\jiahuic\Dropbox (University of Michigan)\V2G_PJM\Models_reserve3\PHORUM_Trans_V2G_ht.gms
    Set has not been initialized
*** Error 352 in C:\Users\jiahuic\Dropbox (University of Michigan)\V2G_PJM\Models_reserve3\PHORUM_Trans_V2G_ht.gms
    Set has not been initialized
*** Error 141 in C:\Users\jiahuic\Dropbox (University of Michigan)\V2G_PJM\Models_reserve3\PHORUM_Trans_V2G_ht.gms
    Symbol declared but no values have been assigned. Check for missing
       data definition, assignment, data loading or implicit assignment
       via a solve statement.
       A wild shot: You may have spurious commas in the explanatory
       text of a declaration. Check symbol reference list.
*** Error 352 in C:\Users\jiahuic\Dropbox (University of Michigan)\V2G_PJM\Models_reserve3\PHORUM_Trans_V2G_ht.gms
    Set has not been initialized
--- PHORUM_Trans_V2G_ht.gms(193) 3 Mb 109 Errors
*** Error 352 in C:\Users\jiahuic\Dropbox (University of Michigan)\V2G_PJM\Models_reserve3\PHORUM_Trans_V2G_ht.gms
    Set has not been initialized
*** Error 352 in C:\Users\jiahuic\Dropbox (University of Michigan)\V2G_PJM\Models_reserve3\PHORUM_Trans_V2G_ht.gms
    Set has not been initialized
*** Error 352 in C:\Users\jiahuic\Dropbox (University of Michigan)\V2G_PJM\Models_reserve3\PHORUM_Trans_V2G_ht.gms
    Set has not been initialized
*** Error 352 in C:\Users\jiahuic\Dropbox (University of Michigan)\V2G_PJM\Models_reserve3\PHORUM_Trans_V2G_ht.gms
    Set has not been initialized
*** Error 352 in C:\Users\jiahuic\Dropbox (University of Michigan)\V2G_PJM\Models_reserve3\PHORUM_Trans_V2G_ht.gms
    Set has not been initialized
*** Error 352 in C:\Users\jiahuic\Dropbox (University of Michigan)\V2G_PJM\Models_reserve3\PHORUM_Trans_V2G_ht.gms
    Set has not been initialized
--- PHORUM_Trans_V2G_ht.gms(198) 3 Mb 113 Errors
*** Error 352 in C:\Users\jiahuic\Dropbox (University of Michigan)\V2G_PJM\Models_reserve3\PHORUM_Trans_V2G_ht.gms
    Set has not been initialized
*** Error 141 in C:\Users\jiahuic\Dropbox (University of Michigan)\V2G_PJM\Models_reserve3\PHORUM_Trans_V2G_ht.gms
    Symbol declared but no values have been assigned. Check for missing
       data definition, assignment, data loading or implicit assignment
       via a solve statement.
       A wild shot: You may have spurious commas in the explanatory
       text of a declaration. Check symbol reference list.
*** Error 141 in C:\Users\jiahuic\Dropbox (University of Michigan)\V2G_PJM\Models_reserve3\PHORUM_Trans_V2G_ht.gms
    Symbol declared but no values have been assigned. Check for missing
       data definition, assignment, data loading or implicit assignment
       via a solve statement.
       A wild shot: You may have spurious commas in the explanatory
       text of a declaration. Check symbol reference list.
*** Error 352 in C:\Users\jiahuic\Dropbox (University of Michigan)\V2G_PJM\Models_reserve3\PHORUM_Trans_V2G_ht.gms
    Set has not been initialized
--- PHORUM_Trans_V2G_ht.gms(199) 3 Mb 116 Errors
*** Error 352 in C:\Users\jiahuic\Dropbox (University of Michigan)\V2G_PJM\Models_reserve3\PHORUM_Trans_V2G_ht.gms
    Set has not been initialized
*** Error 141 in C:\Users\jiahuic\Dropbox (University of Michigan)\V2G_PJM\Models_reserve3\PHORUM_Trans_V2G_ht.gms
    Symbol declared but no values have been assigned. Check for missing
       data definition, assignment, data loading or implicit assignment
       via a solve statement.
       A wild shot: You may have spurious commas in the explanatory
       text of a declaration. Check symbol reference list.
*** Error 352 in C:\Users\jiahuic\Dropbox (University of Michigan)\V2G_PJM\Models_reserve3\PHORUM_Trans_V2G_ht.gms
    Set has not been initialized
--- PHORUM_Trans_V2G_ht.gms(200) 3 Mb 120 Errors
*** Error 352 in C:\Users\jiahuic\Dropbox (University of Michigan)\V2G_PJM\Models_reserve3\PHORUM_Trans_V2G_ht.gms
    Set has not been initialized
*** Error 141 in C:\Users\jiahuic\Dropbox (University of Michigan)\V2G_PJM\Models_reserve3\PHORUM_Trans_V2G_ht.gms
    Symbol declared but no values have been assigned. Check for missing
       data definition, assignment, data loading or implicit assignment
       via a solve statement.
       A wild shot: You may have spurious commas in the explanatory
       text of a declaration. Check symbol reference list.
*** Error 141 in C:\Users\jiahuic\Dropbox (University of Michigan)\V2G_PJM\Models_reserve3\PHORUM_Trans_V2G_ht.gms
    Symbol declared but no values have been assigned. Check for missing
       data definition, assignment, data loading or implicit assignment
       via a solve statement.
       A wild shot: You may have spurious commas in the explanatory
       text of a declaration. Check symbol reference list.
*** Error 352 in C:\Users\jiahuic\Dropbox (University of Michigan)\V2G_PJM\Models_reserve3\PHORUM_Trans_V2G_ht.gms
    Set has not been initialized
--- PHORUM_Trans_V2G_ht.gms(201) 3 Mb 123 Errors
*** Error 352 in C:\Users\jiahuic\Dropbox (University of Michigan)\V2G_PJM\Models_reserve3\PHORUM_Trans_V2G_ht.gms
    Set has not been initialized
*** Error 141 in C:\Users\jiahuic\Dropbox (University of Michigan)\V2G_PJM\Models_reserve3\PHORUM_Trans_V2G_ht.gms
    Symbol declared but no values have been assigned. Check for missing
       data definition, assignment, data loading or implicit assignment
       via a solve statement.
       A wild shot: You may have spurious commas in the explanatory
       text of a declaration. Check symbol reference list.
*** Error 352 in C:\Users\jiahuic\Dropbox (University of Michigan)\V2G_PJM\Models_reserve3\PHORUM_Trans_V2G_ht.gms
    Set has not been initialized
--- PHORUM_Trans_V2G_ht.gms(202) 3 Mb 127 Errors
*** Error 352 in C:\Users\jiahuic\Dropbox (University of Michigan)\V2G_PJM\Models_reserve3\PHORUM_Trans_V2G_ht.gms
    Set has not been initialized
*** Error 141 in C:\Users\jiahuic\Dropbox (University of Michigan)\V2G_PJM\Models_reserve3\PHORUM_Trans_V2G_ht.gms
    Symbol declared but no values have been assigned. Check for missing
       data definition, assignment, data loading or implicit assignment
       via a solve statement.
       A wild shot: You may have spurious commas in the explanatory
       text of a declaration. Check symbol reference list.
*** Error 141 in C:\Users\jiahuic\Dropbox (University of Michigan)\V2G_PJM\Models_reserve3\PHORUM_Trans_V2G_ht.gms
    Symbol declared but no values have been assigned. Check for missing
       data definition, assignment, data loading or implicit assignment
       via a solve statement.
       A wild shot: You may have spurious commas in the explanatory
       text of a declaration. Check symbol reference list.
*** Error 352 in C:\Users\jiahuic\Dropbox (University of Michigan)\V2G_PJM\Models_reserve3\PHORUM_Trans_V2G_ht.gms
    Set has not been initialized
--- PHORUM_Trans_V2G_ht.gms(203) 3 Mb 130 Errors
*** Error 352 in C:\Users\jiahuic\Dropbox (University of Michigan)\V2G_PJM\Models_reserve3\PHORUM_Trans_V2G_ht.gms
    Set has not been initialized
*** Error 141 in C:\Users\jiahuic\Dropbox (University of Michigan)\V2G_PJM\Models_reserve3\PHORUM_Trans_V2G_ht.gms
    Symbol declared but no values have been assigned. Check for missing
       data definition, assignment, data loading or implicit assignment
       via a solve statement.
       A wild shot: You may have spurious commas in the explanatory
       text of a declaration. Check symbol reference list.
*** Error 352 in C:\Users\jiahuic\Dropbox (University of Michigan)\V2G_PJM\Models_reserve3\PHORUM_Trans_V2G_ht.gms
    Set has not been initialized
--- PHORUM_Trans_V2G_ht.gms(204) 3 Mb 134 Errors
*** Error 352 in C:\Users\jiahuic\Dropbox (University of Michigan)\V2G_PJM\Models_reserve3\PHORUM_Trans_V2G_ht.gms
    Set has not been initialized
*** Error 141 in C:\Users\jiahuic\Dropbox (University of Michigan)\V2G_PJM\Models_reserve3\PHORUM_Trans_V2G_ht.gms
    Symbol declared but no values have been assigned. Check for missing
       data definition, assignment, data loading or implicit assignment
       via a solve statement.
       A wild shot: You may have spurious commas in the explanatory
       text of a declaration. Check symbol reference list.
*** Error 141 in C:\Users\jiahuic\Dropbox (University of Michigan)\V2G_PJM\Models_reserve3\PHORUM_Trans_V2G_ht.gms
    Symbol declared but no values have been assigned. Check for missing
       data definition, assignment, data loading or implicit assignment
       via a solve statement.
       A wild shot: You may have spurious commas in the explanatory
       text of a declaration. Check symbol reference list.
*** Error 352 in C:\Users\jiahuic\Dropbox (University of Michigan)\V2G_PJM\Models_reserve3\PHORUM_Trans_V2G_ht.gms
    Set has not been initialized
--- PHORUM_Trans_V2G_ht.gms(205) 3 Mb 137 Errors
*** Error 352 in C:\Users\jiahuic\Dropbox (University of Michigan)\V2G_PJM\Models_reserve3\PHORUM_Trans_V2G_ht.gms
    Set has not been initialized
*** Error 141 in C:\Users\jiahuic\Dropbox (University of Michigan)\V2G_PJM\Models_reserve3\PHORUM_Trans_V2G_ht.gms
    Symbol declared but no values have been assigned. Check for missing
       data definition, assignment, data loading or implicit assignment
       via a solve statement.
       A wild shot: You may have spurious commas in the explanatory
       text of a declaration. Check symbol reference list.
*** Error 352 in C:\Users\jiahuic\Dropbox (University of Michigan)\V2G_PJM\Models_reserve3\PHORUM_Trans_V2G_ht.gms
    Set has not been initialized
--- PHORUM_Trans_V2G_ht.gms(206) 3 Mb 141 Errors
*** Error 352 in C:\Users\jiahuic\Dropbox (University of Michigan)\V2G_PJM\Models_reserve3\PHORUM_Trans_V2G_ht.gms
    Set has not been initialized
*** Error 141 in C:\Users\jiahuic\Dropbox (University of Michigan)\V2G_PJM\Models_reserve3\PHORUM_Trans_V2G_ht.gms
    Symbol declared but no values have been assigned. Check for missing
       data definition, assignment, data loading or implicit assignment
       via a solve statement.
       A wild shot: You may have spurious commas in the explanatory
       text of a declaration. Check symbol reference list.
*** Error 141 in C:\Users\jiahuic\Dropbox (University of Michigan)\V2G_PJM\Models_reserve3\PHORUM_Trans_V2G_ht.gms
    Symbol declared but no values have been assigned. Check for missing
       data definition, assignment, data loading or implicit assignment
       via a solve statement.
       A wild shot: You may have spurious commas in the explanatory
       text of a declaration. Check symbol reference list.
*** Error 352 in C:\Users\jiahuic\Dropbox (University of Michigan)\V2G_PJM\Models_reserve3\PHORUM_Trans_V2G_ht.gms
    Set has not been initialized
--- PHORUM_Trans_V2G_ht.gms(207) 3 Mb 144 Errors
*** Error 352 in C:\Users\jiahuic\Dropbox (University of Michigan)\V2G_PJM\Models_reserve3\PHORUM_Trans_V2G_ht.gms
    Set has not been initialized
*** Error 141 in C:\Users\jiahuic\Dropbox (University of Michigan)\V2G_PJM\Models_reserve3\PHORUM_Trans_V2G_ht.gms
    Symbol declared but no values have been assigned. Check for missing
       data definition, assignment, data loading or implicit assignment
       via a solve statement.
       A wild shot: You may have spurious commas in the explanatory
       text of a declaration. Check symbol reference list.
*** Error 352 in C:\Users\jiahuic\Dropbox (University of Michigan)\V2G_PJM\Models_reserve3\PHORUM_Trans_V2G_ht.gms
    Set has not been initialized
--- PHORUM_Trans_V2G_ht.gms(208) 3 Mb 148 Errors
*** Error 352 in C:\Users\jiahuic\Dropbox (University of Michigan)\V2G_PJM\Models_reserve3\PHORUM_Trans_V2G_ht.gms
    Set has not been initialized
*** Error 141 in C:\Users\jiahuic\Dropbox (University of Michigan)\V2G_PJM\Models_reserve3\PHORUM_Trans_V2G_ht.gms
    Symbol declared but no values have been assigned. Check for missing
       data definition, assignment, data loading or implicit assignment
       via a solve statement.
       A wild shot: You may have spurious commas in the explanatory
       text of a declaration. Check symbol reference list.
*** Error 141 in C:\Users\jiahuic\Dropbox (University of Michigan)\V2G_PJM\Models_reserve3\PHORUM_Trans_V2G_ht.gms
    Symbol declared but no values have been assigned. Check for missing
       data definition, assignment, data loading or implicit assignment
       via a solve statement.
       A wild shot: You may have spurious commas in the explanatory
       text of a declaration. Check symbol reference list.
*** Error 352 in C:\Users\jiahuic\Dropbox (University of Michigan)\V2G_PJM\Models_reserve3\PHORUM_Trans_V2G_ht.gms
    Set has not been initialized
--- PHORUM_Trans_V2G_ht.gms(209) 3 Mb 151 Errors
*** Error 352 in C:\Users\jiahuic\Dropbox (University of Michigan)\V2G_PJM\Models_reserve3\PHORUM_Trans_V2G_ht.gms
    Set has not been initialized
*** Error 141 in C:\Users\jiahuic\Dropbox (University of Michigan)\V2G_PJM\Models_reserve3\PHORUM_Trans_V2G_ht.gms
    Symbol declared but no values have been assigned. Check for missing
       data definition, assignment, data loading or implicit assignment
       via a solve statement.
       A wild shot: You may have spurious commas in the explanatory
       text of a declaration. Check symbol reference list.
*** Error 352 in C:\Users\jiahuic\Dropbox (University of Michigan)\V2G_PJM\Models_reserve3\PHORUM_Trans_V2G_ht.gms
    Set has not been initialized
--- PHORUM_Trans_V2G_ht.gms(212) 3 Mb 156 Errors
*** Error 352 in C:\Users\jiahuic\Dropbox (University of Michigan)\V2G_PJM\Models_reserve3\PHORUM_Trans_V2G_ht.gms
    Set has not been initialized
*** Error 352 in C:\Users\jiahuic\Dropbox (University of Michigan)\V2G_PJM\Models_reserve3\PHORUM_Trans_V2G_ht.gms
    Set has not been initialized
*** Error 141 in C:\Users\jiahuic\Dropbox (University of Michigan)\V2G_PJM\Models_reserve3\PHORUM_Trans_V2G_ht.gms
    Symbol declared but no values have been assigned. Check for missing
       data definition, assignment, data loading or implicit assignment
       via a solve statement.
       A wild shot: You may have spurious commas in the explanatory
       text of a declaration. Check symbol reference list.
*** Error 141 in C:\Users\jiahuic\Dropbox (University of Michigan)\V2G_PJM\Models_reserve3\PHORUM_Trans_V2G_ht.gms
    Symbol declared but no values have been assigned. Check for missing
       data definition, assignment, data loading or implicit assignment
       via a solve statement.
       A wild shot: You may have spurious commas in the explanatory
       text of a declaration. Check symbol reference list.
*** Error 352 in C:\Users\jiahuic\Dropbox (University of Michigan)\V2G_PJM\Models_reserve3\PHORUM_Trans_V2G_ht.gms
    Set has not been initialized
--- PHORUM_Trans_V2G_ht.gms(214) 3 Mb 159 Errors
*** Error 352 in C:\Users\jiahuic\Dropbox (University of Michigan)\V2G_PJM\Models_reserve3\PHORUM_Trans_V2G_ht.gms
    Set has not been initialized
*** Error 352 in C:\Users\jiahuic\Dropbox (University of Michigan)\V2G_PJM\Models_reserve3\PHORUM_Trans_V2G_ht.gms
    Set has not been initialized
*** Error 141 in C:\Users\jiahuic\Dropbox (University of Michigan)\V2G_PJM\Models_reserve3\PHORUM_Trans_V2G_ht.gms
    Symbol declared but no values have been assigned. Check for missing
       data definition, assignment, data loading or implicit assignment
       via a solve statement.
       A wild shot: You may have spurious commas in the explanatory
       text of a declaration. Check symbol reference list.
--- PHORUM_Trans_V2G_ht.gms(215) 3 Mb 162 Errors
*** Error 352 in C:\Users\jiahuic\Dropbox (University of Michigan)\V2G_PJM\Models_reserve3\PHORUM_Trans_V2G_ht.gms
    Set has not been initialized
*** Error 352 in C:\Users\jiahuic\Dropbox (University of Michigan)\V2G_PJM\Models_reserve3\PHORUM_Trans_V2G_ht.gms
    Set has not been initialized
*** Error 141 in C:\Users\jiahuic\Dropbox (University of Michigan)\V2G_PJM\Models_reserve3\PHORUM_Trans_V2G_ht.gms
    Symbol declared but no values have been assigned. Check for missing
       data definition, assignment, data loading or implicit assignment
       via a solve statement.
       A wild shot: You may have spurious commas in the explanatory
       text of a declaration. Check symbol reference list.
--- PHORUM_Trans_V2G_ht.gms(216) 3 Mb 165 Errors
*** Error 352 in C:\Users\jiahuic\Dropbox (University of Michigan)\V2G_PJM\Models_reserve3\PHORUM_Trans_V2G_ht.gms
    Set has not been initialized
*** Error 141 in C:\Users\jiahuic\Dropbox (University of Michigan)\V2G_PJM\Models_reserve3\PHORUM_Trans_V2G_ht.gms
    Symbol declared but no values have been assigned. Check for missing
       data definition, assignment, data loading or implicit assignment
       via a solve statement.
       A wild shot: You may have spurious commas in the explanatory
       text of a declaration. Check symbol reference list.
*** Error 352 in C:\Users\jiahuic\Dropbox (University of Michigan)\V2G_PJM\Models_reserve3\PHORUM_Trans_V2G_ht.gms
    Set has not been initialized
--- PHORUM_Trans_V2G_ht.gms(217) 3 Mb 170 Errors
*** Error 352 in C:\Users\jiahuic\Dropbox (University of Michigan)\V2G_PJM\Models_reserve3\PHORUM_Trans_V2G_ht.gms
    Set has not been initialized
*** Error 352 in C:\Users\jiahuic\Dropbox (University of Michigan)\V2G_PJM\Models_reserve3\PHORUM_Trans_V2G_ht.gms
    Set has not been initialized
*** Error 141 in C:\Users\jiahuic\Dropbox (University of Michigan)\V2G_PJM\Models_reserve3\PHORUM_Trans_V2G_ht.gms
    Symbol declared but no values have been assigned. Check for missing
       data definition, assignment, data loading or implicit assignment
       via a solve statement.
       A wild shot: You may have spurious commas in the explanatory
       text of a declaration. Check symbol reference list.
*** Error 141 in C:\Users\jiahuic\Dropbox (University of Michigan)\V2G_PJM\Models_reserve3\PHORUM_Trans_V2G_ht.gms
    Symbol declared but no values have been assigned. Check for missing
       data definition, assignment, data loading or implicit assignment
       via a solve statement.
       A wild shot: You may have spurious commas in the explanatory
       text of a declaration. Check symbol reference list.
*** Error 352 in C:\Users\jiahuic\Dropbox (University of Michigan)\V2G_PJM\Models_reserve3\PHORUM_Trans_V2G_ht.gms
    Set has not been initialized
--- PHORUM_Trans_V2G_ht.gms(218) 3 Mb 174 Errors
*** Error 352 in C:\Users\jiahuic\Dropbox (University of Michigan)\V2G_PJM\Models_reserve3\PHORUM_Trans_V2G_ht.gms
    Set has not been initialized
*** Error 352 in C:\Users\jiahuic\Dropbox (University of Michigan)\V2G_PJM\Models_reserve3\PHORUM_Trans_V2G_ht.gms
    Set has not been initialized
*** Error 141 in C:\Users\jiahuic\Dropbox (University of Michigan)\V2G_PJM\Models_reserve3\PHORUM_Trans_V2G_ht.gms
    Symbol declared but no values have been assigned. Check for missing
       data definition, assignment, data loading or implicit assignment
       via a solve statement.
       A wild shot: You may have spurious commas in the explanatory
       text of a declaration. Check symbol reference list.
*** Error 352 in C:\Users\jiahuic\Dropbox (University of Michigan)\V2G_PJM\Models_reserve3\PHORUM_Trans_V2G_ht.gms
    Set has not been initialized
--- PHORUM_Trans_V2G_ht.gms(221) 3 Mb 178 Errors
*** Error 352 in C:\Users\jiahuic\Dropbox (University of Michigan)\V2G_PJM\Models_reserve3\PHORUM_Trans_V2G_ht.gms
    Set has not been initialized
*** Error 352 in C:\Users\jiahuic\Dropbox (University of Michigan)\V2G_PJM\Models_reserve3\PHORUM_Trans_V2G_ht.gms
    Set has not been initialized
*** Error 141 in C:\Users\jiahuic\Dropbox (University of Michigan)\V2G_PJM\Models_reserve3\PHORUM_Trans_V2G_ht.gms
    Symbol declared but no values have been assigned. Check for missing
       data definition, assignment, data loading or implicit assignment
       via a solve statement.
       A wild shot: You may have spurious commas in the explanatory
       text of a declaration. Check symbol reference list.
*** Error 352 in C:\Users\jiahuic\Dropbox (University of Michigan)\V2G_PJM\Models_reserve3\PHORUM_Trans_V2G_ht.gms
    Set has not been initialized
--- PHORUM_Trans_V2G_ht.gms(226) 3 Mb 185 Errors
*** Error 352 in C:\Users\jiahuic\Dropbox (University of Michigan)\V2G_PJM\Models_reserve3\PHORUM_Trans_V2G_ht.gms
    Set has not been initialized
*** Error 352 in C:\Users\jiahuic\Dropbox (University of Michigan)\V2G_PJM\Models_reserve3\PHORUM_Trans_V2G_ht.gms
    Set has not been initialized
*** Error 352 in C:\Users\jiahuic\Dropbox (University of Michigan)\V2G_PJM\Models_reserve3\PHORUM_Trans_V2G_ht.gms
    Set has not been initialized
*** Error 141 in C:\Users\jiahuic\Dropbox (University of Michigan)\V2G_PJM\Models_reserve3\PHORUM_Trans_V2G_ht.gms
    Symbol declared but no values have been assigned. Check for missing
       data definition, assignment, data loading or implicit assignment
       via a solve statement.
       A wild shot: You may have spurious commas in the explanatory
       text of a declaration. Check symbol reference list.
*** Error 141 in C:\Users\jiahuic\Dropbox (University of Michigan)\V2G_PJM\Models_reserve3\PHORUM_Trans_V2G_ht.gms
    Symbol declared but no values have been assigned. Check for missing
       data definition, assignment, data loading or implicit assignment
       via a solve statement.
       A wild shot: You may have spurious commas in the explanatory
       text of a declaration. Check symbol reference list.
*** Error 352 in C:\Users\jiahuic\Dropbox (University of Michigan)\V2G_PJM\Models_reserve3\PHORUM_Trans_V2G_ht.gms
    Set has not been initialized
*** Error 352 in C:\Users\jiahuic\Dropbox (University of Michigan)\V2G_PJM\Models_reserve3\PHORUM_Trans_V2G_ht.gms
    Set has not been initialized
--- PHORUM_Trans_V2G_ht.gms(382) 3 Mb 186 Errors
*** Error 257 in C:\Users\jiahuic\Dropbox (University of Michigan)\V2G_PJM\Models_reserve3\PHORUM_Trans_V2G_ht.gms
    Solve statement not checked because of previous errors
--- PHORUM_Trans_V2G_ht.gms(389) 3 Mb 186 Errors
*** Status: Compilation error(s)
--- Job PHORUM_Trans_V2G_ht.gms Stop 05/29/24 07:45:41 elapsed 0:00:00.031
Cannot delete file: 225a\gmsprmNT.dat
Cannot delete directory: 225a
