--- Job PHORUM_Trans_NoCC.gms Start 12/24/22 16:08:36 41.3.0 0f17a8d6 WEX-WEI x86 64bit/MS Windows
--- Applying:
    E:\GAMS\41\gmsprmNT.txt
    E:\\GAMS\gamsconfig.yaml
--- GAMS Parameters defined
    Input D:\2021_JM_V2G\PJM_updated\Models_reserve2\PHORUM_Trans_NoCC.gms
    PageSize 0
    ScrDir D:\2021_JM_V2G\PJM_updated\Models_reserve2\225a\
    SysDir E:\GAMS\41\
    LogOption 3
    ErrMsg 1
    ErrorLog 99
    IDE 1
    LstTitleLeftAligned 1
Licensee: MUD- 5 User License                            G220428|0002AO-GEN
          University of Michigan, School for Environment and SustDC15152-S1
          E:\\GAMS\gamslice.txt
          License Admin: Michael Craig, mtcraig@umich.edu                  
Processor information: 1 socket(s), 8 core(s), and 16 thread(s) available
GAMS 41.3.0   Copyright (C) 1987-2022 GAMS Development. All rights reserved
--- Starting compilation
--- PHORUM_Trans_NoCC.gms(4) 2 Mb
*** GDXIN failed D:\2021_JM_V2G\PJM_updated\Models_reserve2\LoadData.gdx
*** Msg: No such file or directory
--- PHORUM_Trans_NoCC.gms(4) 2 Mb 1 Error
*** Error 510 in D:\2021_JM_V2G\PJM_updated\Models_reserve2\PHORUM_Trans_NoCC.gms
    Unable to open gdx file for $GDXIN
--- PHORUM_Trans_NoCC.gms(22) 2 Mb 2 Errors
*** Error 502 in D:\2021_JM_V2G\PJM_updated\Models_reserve2\PHORUM_Trans_NoCC.gms
    GDXIN  file not open - ignore rest of line
--- PHORUM_Trans_NoCC.gms(30) 2 Mb
*** GDXIN failed D:\2021_JM_V2G\PJM_updated\Models_reserve2\GenData.gdx
*** Msg: No such file or directory
--- PHORUM_Trans_NoCC.gms(30) 2 Mb 3 Errors
*** Error 510 in D:\2021_JM_V2G\PJM_updated\Models_reserve2\PHORUM_Trans_NoCC.gms
    Unable to open gdx file for $GDXIN
--- PHORUM_Trans_NoCC.gms(53) 2 Mb 4 Errors
*** Error 502 in D:\2021_JM_V2G\PJM_updated\Models_reserve2\PHORUM_Trans_NoCC.gms
    GDXIN  file not open - ignore rest of line
--- PHORUM_Trans_NoCC.gms(57) 2 Mb
*** GDXIN failed D:\2021_JM_V2G\PJM_updated\Models_reserve2\StorageData.gdx
*** Msg: No such file or directory
--- PHORUM_Trans_NoCC.gms(57) 2 Mb 5 Errors
*** Error 510 in D:\2021_JM_V2G\PJM_updated\Models_reserve2\PHORUM_Trans_NoCC.gms
    Unable to open gdx file for $GDXIN
--- PHORUM_Trans_NoCC.gms(70) 2 Mb 6 Errors
*** Error 502 in D:\2021_JM_V2G\PJM_updated\Models_reserve2\PHORUM_Trans_NoCC.gms
    GDXIN  file not open - ignore rest of line
--- PHORUM_Trans_NoCC.gms(73) 2 Mb 8 Errors
*** Error 352 in D:\2021_JM_V2G\PJM_updated\Models_reserve2\PHORUM_Trans_NoCC.gms
    Set has not been initialized
*** Error 141 in D:\2021_JM_V2G\PJM_updated\Models_reserve2\PHORUM_Trans_NoCC.gms
    Symbol declared but no values have been assigned. Check for missing
       data definition, assignment, data loading or implicit assignment
       via a solve statement.
       A wild shot: You may have spurious commas in the explanatory
       text of a declaration. Check symbol reference list.
--- PHORUM_Trans_NoCC.gms(125) 2 Mb 11 Errors
*** Error 352 in D:\2021_JM_V2G\PJM_updated\Models_reserve2\PHORUM_Trans_NoCC.gms
    Set has not been initialized
*** Error 141 in D:\2021_JM_V2G\PJM_updated\Models_reserve2\PHORUM_Trans_NoCC.gms
    Symbol declared but no values have been assigned. Check for missing
       data definition, assignment, data loading or implicit assignment
       via a solve statement.
       A wild shot: You may have spurious commas in the explanatory
       text of a declaration. Check symbol reference list.
*** Error 352 in D:\2021_JM_V2G\PJM_updated\Models_reserve2\PHORUM_Trans_NoCC.gms
    Set has not been initialized
--- PHORUM_Trans_NoCC.gms(126) 2 Mb 14 Errors
*** Error 352 in D:\2021_JM_V2G\PJM_updated\Models_reserve2\PHORUM_Trans_NoCC.gms
    Set has not been initialized
*** Error 141 in D:\2021_JM_V2G\PJM_updated\Models_reserve2\PHORUM_Trans_NoCC.gms
    Symbol declared but no values have been assigned. Check for missing
       data definition, assignment, data loading or implicit assignment
       via a solve statement.
       A wild shot: You may have spurious commas in the explanatory
       text of a declaration. Check symbol reference list.
*** Error 352 in D:\2021_JM_V2G\PJM_updated\Models_reserve2\PHORUM_Trans_NoCC.gms
    Set has not been initialized
--- PHORUM_Trans_NoCC.gms(127) 2 Mb 17 Errors
*** Error 352 in D:\2021_JM_V2G\PJM_updated\Models_reserve2\PHORUM_Trans_NoCC.gms
    Set has not been initialized
*** Error 141 in D:\2021_JM_V2G\PJM_updated\Models_reserve2\PHORUM_Trans_NoCC.gms
    Symbol declared but no values have been assigned. Check for missing
       data definition, assignment, data loading or implicit assignment
       via a solve statement.
       A wild shot: You may have spurious commas in the explanatory
       text of a declaration. Check symbol reference list.
*** Error 352 in D:\2021_JM_V2G\PJM_updated\Models_reserve2\PHORUM_Trans_NoCC.gms
    Set has not been initialized
--- PHORUM_Trans_NoCC.gms(128) 2 Mb 20 Errors
*** Error 352 in D:\2021_JM_V2G\PJM_updated\Models_reserve2\PHORUM_Trans_NoCC.gms
    Set has not been initialized
*** Error 141 in D:\2021_JM_V2G\PJM_updated\Models_reserve2\PHORUM_Trans_NoCC.gms
    Symbol declared but no values have been assigned. Check for missing
       data definition, assignment, data loading or implicit assignment
       via a solve statement.
       A wild shot: You may have spurious commas in the explanatory
       text of a declaration. Check symbol reference list.
*** Error 352 in D:\2021_JM_V2G\PJM_updated\Models_reserve2\PHORUM_Trans_NoCC.gms
    Set has not been initialized
--- PHORUM_Trans_NoCC.gms(129) 2 Mb 23 Errors
*** Error 352 in D:\2021_JM_V2G\PJM_updated\Models_reserve2\PHORUM_Trans_NoCC.gms
    Set has not been initialized
*** Error 141 in D:\2021_JM_V2G\PJM_updated\Models_reserve2\PHORUM_Trans_NoCC.gms
    Symbol declared but no values have been assigned. Check for missing
       data definition, assignment, data loading or implicit assignment
       via a solve statement.
       A wild shot: You may have spurious commas in the explanatory
       text of a declaration. Check symbol reference list.
*** Error 352 in D:\2021_JM_V2G\PJM_updated\Models_reserve2\PHORUM_Trans_NoCC.gms
    Set has not been initialized
--- PHORUM_Trans_NoCC.gms(131) 2 Mb 25 Errors
*** Error 352 in D:\2021_JM_V2G\PJM_updated\Models_reserve2\PHORUM_Trans_NoCC.gms
    Set has not been initialized
*** Error 352 in D:\2021_JM_V2G\PJM_updated\Models_reserve2\PHORUM_Trans_NoCC.gms
    Set has not been initialized
--- PHORUM_Trans_NoCC.gms(132) 2 Mb 27 Errors
*** Error 352 in D:\2021_JM_V2G\PJM_updated\Models_reserve2\PHORUM_Trans_NoCC.gms
    Set has not been initialized
*** Error 352 in D:\2021_JM_V2G\PJM_updated\Models_reserve2\PHORUM_Trans_NoCC.gms
    Set has not been initialized
--- PHORUM_Trans_NoCC.gms(133) 2 Mb 29 Errors
*** Error 352 in D:\2021_JM_V2G\PJM_updated\Models_reserve2\PHORUM_Trans_NoCC.gms
    Set has not been initialized
*** Error 352 in D:\2021_JM_V2G\PJM_updated\Models_reserve2\PHORUM_Trans_NoCC.gms
    Set has not been initialized
--- PHORUM_Trans_NoCC.gms(134) 2 Mb 31 Errors
*** Error 352 in D:\2021_JM_V2G\PJM_updated\Models_reserve2\PHORUM_Trans_NoCC.gms
    Set has not been initialized
*** Error 352 in D:\2021_JM_V2G\PJM_updated\Models_reserve2\PHORUM_Trans_NoCC.gms
    Set has not been initialized
--- PHORUM_Trans_NoCC.gms(135) 2 Mb 33 Errors
*** Error 352 in D:\2021_JM_V2G\PJM_updated\Models_reserve2\PHORUM_Trans_NoCC.gms
    Set has not been initialized
*** Error 352 in D:\2021_JM_V2G\PJM_updated\Models_reserve2\PHORUM_Trans_NoCC.gms
    Set has not been initialized
--- PHORUM_Trans_NoCC.gms(137) 2 Mb 35 Errors
*** Error 352 in D:\2021_JM_V2G\PJM_updated\Models_reserve2\PHORUM_Trans_NoCC.gms
    Set has not been initialized
*** Error 352 in D:\2021_JM_V2G\PJM_updated\Models_reserve2\PHORUM_Trans_NoCC.gms
    Set has not been initialized
--- PHORUM_Trans_NoCC.gms(138) 2 Mb 39 Errors
*** Error 352 in D:\2021_JM_V2G\PJM_updated\Models_reserve2\PHORUM_Trans_NoCC.gms
    Set has not been initialized
*** Error 352 in D:\2021_JM_V2G\PJM_updated\Models_reserve2\PHORUM_Trans_NoCC.gms
    Set has not been initialized
*** Error 141 in D:\2021_JM_V2G\PJM_updated\Models_reserve2\PHORUM_Trans_NoCC.gms
    Symbol declared but no values have been assigned. Check for missing
       data definition, assignment, data loading or implicit assignment
       via a solve statement.
       A wild shot: You may have spurious commas in the explanatory
       text of a declaration. Check symbol reference list.
*** Error 352 in D:\2021_JM_V2G\PJM_updated\Models_reserve2\PHORUM_Trans_NoCC.gms
    Set has not been initialized
--- PHORUM_Trans_NoCC.gms(139) 2 Mb 41 Errors
*** Error 352 in D:\2021_JM_V2G\PJM_updated\Models_reserve2\PHORUM_Trans_NoCC.gms
    Set has not been initialized
*** Error 352 in D:\2021_JM_V2G\PJM_updated\Models_reserve2\PHORUM_Trans_NoCC.gms
    Set has not been initialized
--- PHORUM_Trans_NoCC.gms(140) 2 Mb 44 Errors
*** Error 352 in D:\2021_JM_V2G\PJM_updated\Models_reserve2\PHORUM_Trans_NoCC.gms
    Set has not been initialized
*** Error 352 in D:\2021_JM_V2G\PJM_updated\Models_reserve2\PHORUM_Trans_NoCC.gms
    Set has not been initialized
*** Error 352 in D:\2021_JM_V2G\PJM_updated\Models_reserve2\PHORUM_Trans_NoCC.gms
    Set has not been initialized
--- PHORUM_Trans_NoCC.gms(141) 2 Mb 46 Errors
*** Error 352 in D:\2021_JM_V2G\PJM_updated\Models_reserve2\PHORUM_Trans_NoCC.gms
    Set has not been initialized
*** Error 352 in D:\2021_JM_V2G\PJM_updated\Models_reserve2\PHORUM_Trans_NoCC.gms
    Set has not been initialized
--- PHORUM_Trans_NoCC.gms(142) 2 Mb 50 Errors
*** Error 352 in D:\2021_JM_V2G\PJM_updated\Models_reserve2\PHORUM_Trans_NoCC.gms
    Set has not been initialized
*** Error 352 in D:\2021_JM_V2G\PJM_updated\Models_reserve2\PHORUM_Trans_NoCC.gms
    Set has not been initialized
*** Error 141 in D:\2021_JM_V2G\PJM_updated\Models_reserve2\PHORUM_Trans_NoCC.gms
    Symbol declared but no values have been assigned. Check for missing
       data definition, assignment, data loading or implicit assignment
       via a solve statement.
       A wild shot: You may have spurious commas in the explanatory
       text of a declaration. Check symbol reference list.
*** Error 352 in D:\2021_JM_V2G\PJM_updated\Models_reserve2\PHORUM_Trans_NoCC.gms
    Set has not been initialized
--- PHORUM_Trans_NoCC.gms(144) 2 Mb 54 Errors
*** Error 352 in D:\2021_JM_V2G\PJM_updated\Models_reserve2\PHORUM_Trans_NoCC.gms
    Set has not been initialized
*** Error 141 in D:\2021_JM_V2G\PJM_updated\Models_reserve2\PHORUM_Trans_NoCC.gms
    Symbol declared but no values have been assigned. Check for missing
       data definition, assignment, data loading or implicit assignment
       via a solve statement.
       A wild shot: You may have spurious commas in the explanatory
       text of a declaration. Check symbol reference list.
*** Error 141 in D:\2021_JM_V2G\PJM_updated\Models_reserve2\PHORUM_Trans_NoCC.gms
    Symbol declared but no values have been assigned. Check for missing
       data definition, assignment, data loading or implicit assignment
       via a solve statement.
       A wild shot: You may have spurious commas in the explanatory
       text of a declaration. Check symbol reference list.
*** Error 352 in D:\2021_JM_V2G\PJM_updated\Models_reserve2\PHORUM_Trans_NoCC.gms
    Set has not been initialized
--- PHORUM_Trans_NoCC.gms(145) 2 Mb 57 Errors
*** Error 352 in D:\2021_JM_V2G\PJM_updated\Models_reserve2\PHORUM_Trans_NoCC.gms
    Set has not been initialized
*** Error 141 in D:\2021_JM_V2G\PJM_updated\Models_reserve2\PHORUM_Trans_NoCC.gms
    Symbol declared but no values have been assigned. Check for missing
       data definition, assignment, data loading or implicit assignment
       via a solve statement.
       A wild shot: You may have spurious commas in the explanatory
       text of a declaration. Check symbol reference list.
*** Error 352 in D:\2021_JM_V2G\PJM_updated\Models_reserve2\PHORUM_Trans_NoCC.gms
    Set has not been initialized
--- PHORUM_Trans_NoCC.gms(146) 2 Mb 61 Errors
*** Error 352 in D:\2021_JM_V2G\PJM_updated\Models_reserve2\PHORUM_Trans_NoCC.gms
    Set has not been initialized
*** Error 141 in D:\2021_JM_V2G\PJM_updated\Models_reserve2\PHORUM_Trans_NoCC.gms
    Symbol declared but no values have been assigned. Check for missing
       data definition, assignment, data loading or implicit assignment
       via a solve statement.
       A wild shot: You may have spurious commas in the explanatory
       text of a declaration. Check symbol reference list.
*** Error 141 in D:\2021_JM_V2G\PJM_updated\Models_reserve2\PHORUM_Trans_NoCC.gms
    Symbol declared but no values have been assigned. Check for missing
       data definition, assignment, data loading or implicit assignment
       via a solve statement.
       A wild shot: You may have spurious commas in the explanatory
       text of a declaration. Check symbol reference list.
*** Error 352 in D:\2021_JM_V2G\PJM_updated\Models_reserve2\PHORUM_Trans_NoCC.gms
    Set has not been initialized
--- PHORUM_Trans_NoCC.gms(147) 2 Mb 64 Errors
*** Error 352 in D:\2021_JM_V2G\PJM_updated\Models_reserve2\PHORUM_Trans_NoCC.gms
    Set has not been initialized
*** Error 141 in D:\2021_JM_V2G\PJM_updated\Models_reserve2\PHORUM_Trans_NoCC.gms
    Symbol declared but no values have been assigned. Check for missing
       data definition, assignment, data loading or implicit assignment
       via a solve statement.
       A wild shot: You may have spurious commas in the explanatory
       text of a declaration. Check symbol reference list.
*** Error 352 in D:\2021_JM_V2G\PJM_updated\Models_reserve2\PHORUM_Trans_NoCC.gms
    Set has not been initialized
--- PHORUM_Trans_NoCC.gms(148) 2 Mb 68 Errors
*** Error 352 in D:\2021_JM_V2G\PJM_updated\Models_reserve2\PHORUM_Trans_NoCC.gms
    Set has not been initialized
*** Error 141 in D:\2021_JM_V2G\PJM_updated\Models_reserve2\PHORUM_Trans_NoCC.gms
    Symbol declared but no values have been assigned. Check for missing
       data definition, assignment, data loading or implicit assignment
       via a solve statement.
       A wild shot: You may have spurious commas in the explanatory
       text of a declaration. Check symbol reference list.
*** Error 141 in D:\2021_JM_V2G\PJM_updated\Models_reserve2\PHORUM_Trans_NoCC.gms
    Symbol declared but no values have been assigned. Check for missing
       data definition, assignment, data loading or implicit assignment
       via a solve statement.
       A wild shot: You may have spurious commas in the explanatory
       text of a declaration. Check symbol reference list.
*** Error 352 in D:\2021_JM_V2G\PJM_updated\Models_reserve2\PHORUM_Trans_NoCC.gms
    Set has not been initialized
--- PHORUM_Trans_NoCC.gms(149) 2 Mb 71 Errors
*** Error 352 in D:\2021_JM_V2G\PJM_updated\Models_reserve2\PHORUM_Trans_NoCC.gms
    Set has not been initialized
*** Error 141 in D:\2021_JM_V2G\PJM_updated\Models_reserve2\PHORUM_Trans_NoCC.gms
    Symbol declared but no values have been assigned. Check for missing
       data definition, assignment, data loading or implicit assignment
       via a solve statement.
       A wild shot: You may have spurious commas in the explanatory
       text of a declaration. Check symbol reference list.
*** Error 352 in D:\2021_JM_V2G\PJM_updated\Models_reserve2\PHORUM_Trans_NoCC.gms
    Set has not been initialized
--- PHORUM_Trans_NoCC.gms(150) 2 Mb 75 Errors
*** Error 352 in D:\2021_JM_V2G\PJM_updated\Models_reserve2\PHORUM_Trans_NoCC.gms
    Set has not been initialized
*** Error 141 in D:\2021_JM_V2G\PJM_updated\Models_reserve2\PHORUM_Trans_NoCC.gms
    Symbol declared but no values have been assigned. Check for missing
       data definition, assignment, data loading or implicit assignment
       via a solve statement.
       A wild shot: You may have spurious commas in the explanatory
       text of a declaration. Check symbol reference list.
*** Error 141 in D:\2021_JM_V2G\PJM_updated\Models_reserve2\PHORUM_Trans_NoCC.gms
    Symbol declared but no values have been assigned. Check for missing
       data definition, assignment, data loading or implicit assignment
       via a solve statement.
       A wild shot: You may have spurious commas in the explanatory
       text of a declaration. Check symbol reference list.
*** Error 352 in D:\2021_JM_V2G\PJM_updated\Models_reserve2\PHORUM_Trans_NoCC.gms
    Set has not been initialized
--- PHORUM_Trans_NoCC.gms(151) 2 Mb 78 Errors
*** Error 352 in D:\2021_JM_V2G\PJM_updated\Models_reserve2\PHORUM_Trans_NoCC.gms
    Set has not been initialized
*** Error 141 in D:\2021_JM_V2G\PJM_updated\Models_reserve2\PHORUM_Trans_NoCC.gms
    Symbol declared but no values have been assigned. Check for missing
       data definition, assignment, data loading or implicit assignment
       via a solve statement.
       A wild shot: You may have spurious commas in the explanatory
       text of a declaration. Check symbol reference list.
*** Error 352 in D:\2021_JM_V2G\PJM_updated\Models_reserve2\PHORUM_Trans_NoCC.gms
    Set has not been initialized
--- PHORUM_Trans_NoCC.gms(152) 2 Mb 82 Errors
*** Error 352 in D:\2021_JM_V2G\PJM_updated\Models_reserve2\PHORUM_Trans_NoCC.gms
    Set has not been initialized
*** Error 141 in D:\2021_JM_V2G\PJM_updated\Models_reserve2\PHORUM_Trans_NoCC.gms
    Symbol declared but no values have been assigned. Check for missing
       data definition, assignment, data loading or implicit assignment
       via a solve statement.
       A wild shot: You may have spurious commas in the explanatory
       text of a declaration. Check symbol reference list.
*** Error 141 in D:\2021_JM_V2G\PJM_updated\Models_reserve2\PHORUM_Trans_NoCC.gms
    Symbol declared but no values have been assigned. Check for missing
       data definition, assignment, data loading or implicit assignment
       via a solve statement.
       A wild shot: You may have spurious commas in the explanatory
       text of a declaration. Check symbol reference list.
*** Error 352 in D:\2021_JM_V2G\PJM_updated\Models_reserve2\PHORUM_Trans_NoCC.gms
    Set has not been initialized
--- PHORUM_Trans_NoCC.gms(153) 2 Mb 85 Errors
*** Error 352 in D:\2021_JM_V2G\PJM_updated\Models_reserve2\PHORUM_Trans_NoCC.gms
    Set has not been initialized
*** Error 141 in D:\2021_JM_V2G\PJM_updated\Models_reserve2\PHORUM_Trans_NoCC.gms
    Symbol declared but no values have been assigned. Check for missing
       data definition, assignment, data loading or implicit assignment
       via a solve statement.
       A wild shot: You may have spurious commas in the explanatory
       text of a declaration. Check symbol reference list.
*** Error 352 in D:\2021_JM_V2G\PJM_updated\Models_reserve2\PHORUM_Trans_NoCC.gms
    Set has not been initialized
--- PHORUM_Trans_NoCC.gms(154) 2 Mb 89 Errors
*** Error 352 in D:\2021_JM_V2G\PJM_updated\Models_reserve2\PHORUM_Trans_NoCC.gms
    Set has not been initialized
*** Error 141 in D:\2021_JM_V2G\PJM_updated\Models_reserve2\PHORUM_Trans_NoCC.gms
    Symbol declared but no values have been assigned. Check for missing
       data definition, assignment, data loading or implicit assignment
       via a solve statement.
       A wild shot: You may have spurious commas in the explanatory
       text of a declaration. Check symbol reference list.
*** Error 141 in D:\2021_JM_V2G\PJM_updated\Models_reserve2\PHORUM_Trans_NoCC.gms
    Symbol declared but no values have been assigned. Check for missing
       data definition, assignment, data loading or implicit assignment
       via a solve statement.
       A wild shot: You may have spurious commas in the explanatory
       text of a declaration. Check symbol reference list.
*** Error 352 in D:\2021_JM_V2G\PJM_updated\Models_reserve2\PHORUM_Trans_NoCC.gms
    Set has not been initialized
--- PHORUM_Trans_NoCC.gms(155) 2 Mb 92 Errors
*** Error 352 in D:\2021_JM_V2G\PJM_updated\Models_reserve2\PHORUM_Trans_NoCC.gms
    Set has not been initialized
*** Error 141 in D:\2021_JM_V2G\PJM_updated\Models_reserve2\PHORUM_Trans_NoCC.gms
    Symbol declared but no values have been assigned. Check for missing
       data definition, assignment, data loading or implicit assignment
       via a solve statement.
       A wild shot: You may have spurious commas in the explanatory
       text of a declaration. Check symbol reference list.
*** Error 352 in D:\2021_JM_V2G\PJM_updated\Models_reserve2\PHORUM_Trans_NoCC.gms
    Set has not been initialized
--- PHORUM_Trans_NoCC.gms(158) 2 Mb 97 Errors
*** Error 352 in D:\2021_JM_V2G\PJM_updated\Models_reserve2\PHORUM_Trans_NoCC.gms
    Set has not been initialized
*** Error 352 in D:\2021_JM_V2G\PJM_updated\Models_reserve2\PHORUM_Trans_NoCC.gms
    Set has not been initialized
*** Error 141 in D:\2021_JM_V2G\PJM_updated\Models_reserve2\PHORUM_Trans_NoCC.gms
    Symbol declared but no values have been assigned. Check for missing
       data definition, assignment, data loading or implicit assignment
       via a solve statement.
       A wild shot: You may have spurious commas in the explanatory
       text of a declaration. Check symbol reference list.
*** Error 141 in D:\2021_JM_V2G\PJM_updated\Models_reserve2\PHORUM_Trans_NoCC.gms
    Symbol declared but no values have been assigned. Check for missing
       data definition, assignment, data loading or implicit assignment
       via a solve statement.
       A wild shot: You may have spurious commas in the explanatory
       text of a declaration. Check symbol reference list.
*** Error 352 in D:\2021_JM_V2G\PJM_updated\Models_reserve2\PHORUM_Trans_NoCC.gms
    Set has not been initialized
--- PHORUM_Trans_NoCC.gms(159) 2 Mb 101 Errors
*** Error 352 in D:\2021_JM_V2G\PJM_updated\Models_reserve2\PHORUM_Trans_NoCC.gms
    Set has not been initialized
*** Error 352 in D:\2021_JM_V2G\PJM_updated\Models_reserve2\PHORUM_Trans_NoCC.gms
    Set has not been initialized
*** Error 141 in D:\2021_JM_V2G\PJM_updated\Models_reserve2\PHORUM_Trans_NoCC.gms
    Symbol declared but no values have been assigned. Check for missing
       data definition, assignment, data loading or implicit assignment
       via a solve statement.
       A wild shot: You may have spurious commas in the explanatory
       text of a declaration. Check symbol reference list.
*** Error 352 in D:\2021_JM_V2G\PJM_updated\Models_reserve2\PHORUM_Trans_NoCC.gms
    Set has not been initialized
--- PHORUM_Trans_NoCC.gms(160) 2 Mb 104 Errors
*** Error 352 in D:\2021_JM_V2G\PJM_updated\Models_reserve2\PHORUM_Trans_NoCC.gms
    Set has not been initialized
*** Error 352 in D:\2021_JM_V2G\PJM_updated\Models_reserve2\PHORUM_Trans_NoCC.gms
    Set has not been initialized
*** Error 141 in D:\2021_JM_V2G\PJM_updated\Models_reserve2\PHORUM_Trans_NoCC.gms
    Symbol declared but no values have been assigned. Check for missing
       data definition, assignment, data loading or implicit assignment
       via a solve statement.
       A wild shot: You may have spurious commas in the explanatory
       text of a declaration. Check symbol reference list.
--- PHORUM_Trans_NoCC.gms(161) 2 Mb 107 Errors
*** Error 352 in D:\2021_JM_V2G\PJM_updated\Models_reserve2\PHORUM_Trans_NoCC.gms
    Set has not been initialized
*** Error 352 in D:\2021_JM_V2G\PJM_updated\Models_reserve2\PHORUM_Trans_NoCC.gms
    Set has not been initialized
*** Error 141 in D:\2021_JM_V2G\PJM_updated\Models_reserve2\PHORUM_Trans_NoCC.gms
    Symbol declared but no values have been assigned. Check for missing
       data definition, assignment, data loading or implicit assignment
       via a solve statement.
       A wild shot: You may have spurious commas in the explanatory
       text of a declaration. Check symbol reference list.
--- PHORUM_Trans_NoCC.gms(162) 2 Mb 110 Errors
*** Error 352 in D:\2021_JM_V2G\PJM_updated\Models_reserve2\PHORUM_Trans_NoCC.gms
    Set has not been initialized
*** Error 141 in D:\2021_JM_V2G\PJM_updated\Models_reserve2\PHORUM_Trans_NoCC.gms
    Symbol declared but no values have been assigned. Check for missing
       data definition, assignment, data loading or implicit assignment
       via a solve statement.
       A wild shot: You may have spurious commas in the explanatory
       text of a declaration. Check symbol reference list.
*** Error 352 in D:\2021_JM_V2G\PJM_updated\Models_reserve2\PHORUM_Trans_NoCC.gms
    Set has not been initialized
--- PHORUM_Trans_NoCC.gms(163) 2 Mb 115 Errors
*** Error 352 in D:\2021_JM_V2G\PJM_updated\Models_reserve2\PHORUM_Trans_NoCC.gms
    Set has not been initialized
*** Error 352 in D:\2021_JM_V2G\PJM_updated\Models_reserve2\PHORUM_Trans_NoCC.gms
    Set has not been initialized
*** Error 141 in D:\2021_JM_V2G\PJM_updated\Models_reserve2\PHORUM_Trans_NoCC.gms
    Symbol declared but no values have been assigned. Check for missing
       data definition, assignment, data loading or implicit assignment
       via a solve statement.
       A wild shot: You may have spurious commas in the explanatory
       text of a declaration. Check symbol reference list.
*** Error 141 in D:\2021_JM_V2G\PJM_updated\Models_reserve2\PHORUM_Trans_NoCC.gms
    Symbol declared but no values have been assigned. Check for missing
       data definition, assignment, data loading or implicit assignment
       via a solve statement.
       A wild shot: You may have spurious commas in the explanatory
       text of a declaration. Check symbol reference list.
*** Error 352 in D:\2021_JM_V2G\PJM_updated\Models_reserve2\PHORUM_Trans_NoCC.gms
    Set has not been initialized
--- PHORUM_Trans_NoCC.gms(164) 2 Mb 119 Errors
*** Error 352 in D:\2021_JM_V2G\PJM_updated\Models_reserve2\PHORUM_Trans_NoCC.gms
    Set has not been initialized
*** Error 352 in D:\2021_JM_V2G\PJM_updated\Models_reserve2\PHORUM_Trans_NoCC.gms
    Set has not been initialized
*** Error 141 in D:\2021_JM_V2G\PJM_updated\Models_reserve2\PHORUM_Trans_NoCC.gms
    Symbol declared but no values have been assigned. Check for missing
       data definition, assignment, data loading or implicit assignment
       via a solve statement.
       A wild shot: You may have spurious commas in the explanatory
       text of a declaration. Check symbol reference list.
*** Error 352 in D:\2021_JM_V2G\PJM_updated\Models_reserve2\PHORUM_Trans_NoCC.gms
    Set has not been initialized
--- PHORUM_Trans_NoCC.gms(167) 2 Mb 123 Errors
*** Error 352 in D:\2021_JM_V2G\PJM_updated\Models_reserve2\PHORUM_Trans_NoCC.gms
    Set has not been initialized
*** Error 352 in D:\2021_JM_V2G\PJM_updated\Models_reserve2\PHORUM_Trans_NoCC.gms
    Set has not been initialized
*** Error 141 in D:\2021_JM_V2G\PJM_updated\Models_reserve2\PHORUM_Trans_NoCC.gms
    Symbol declared but no values have been assigned. Check for missing
       data definition, assignment, data loading or implicit assignment
       via a solve statement.
       A wild shot: You may have spurious commas in the explanatory
       text of a declaration. Check symbol reference list.
*** Error 352 in D:\2021_JM_V2G\PJM_updated\Models_reserve2\PHORUM_Trans_NoCC.gms
    Set has not been initialized
--- PHORUM_Trans_NoCC.gms(296) 2 Mb 124 Errors
*** Error 257 in D:\2021_JM_V2G\PJM_updated\Models_reserve2\PHORUM_Trans_NoCC.gms
    Solve statement not checked because of previous errors
--- PHORUM_Trans_NoCC.gms(309) 2 Mb 124 Errors
*** Status: Compilation error(s)
--- Job PHORUM_Trans_NoCC.gms Stop 12/24/22 16:08:36 elapsed 0:00:00.012
